app/build/intermediates/manifest_merge_blame_file/debug/manifest-merger-blame-debug-report.txt
1<?xml version="1.0" encoding="utf-8"?>
2<manifest xmlns:android="http://schemas.android.com/apk/res/android"
3    package="org.asghari.guardiannews"
4    android:versionCode="1"
5    android:versionName="1.0" >
6
7    <uses-sdk
8        android:minSdkVersion="21"
8-->src\main\AndroidManifest.xml
9        android:targetSdkVersion="33" />
9-->src\main\AndroidManifest.xml
10
11    <uses-permission android:name="android.permission.INTERNET" />
11-->src\main\AndroidManifest.xml:4:5-67
11-->src\main\AndroidManifest.xml:4:22-64
12    <uses-permission android:name="android.permission.ACCESS_NETWORK_STATE" />
12-->src\main\AndroidManifest.xml:5:5-79
12-->src\main\AndroidManifest.xml:5:22-76
13    <uses-permission android:name="android.permission.ACCESS_WIFI_STATE" />
13-->src\main\AndroidManifest.xml:6:5-76
13-->src\main\AndroidManifest.xml:6:22-73
14
15    <application
15-->src\main\AndroidManifest.xml:8:5-34:19
16        android:name="org.asghari.guardiannews.App"
16-->src\main\AndroidManifest.xml:9:9-28
17        android:allowBackup="true"
17-->src\main\AndroidManifest.xml:10:9-35
18        android:allowClearUserData="true"
18-->src\main\AndroidManifest.xml:11:9-42
19        android:appComponentFactory="androidx.core.app.CoreComponentFactory"
19-->[androidx.core:core:1.8.0] AndroidManifest.xml:24:18-86
20        android:debuggable="true"
21        android:icon="@mipmap/theguardian"
21-->src\main\AndroidManifest.xml:12:9-43
22        android:label="@string/app_name"
22-->src\main\AndroidManifest.xml:13:9-41
23        android:networkSecurityConfig="@xml/network_security_config"
23-->src\main\AndroidManifest.xml:14:9-69
24        android:roundIcon="@mipmap/guardian_rounded"
24-->src\main\AndroidManifest.xml:15:9-53
25        android:supportsRtl="true"
25-->src\main\AndroidManifest.xml:16:9-35
26        android:testOnly="true"
27        android:theme="@style/Theme.GuardianNews"
27-->src\main\AndroidManifest.xml:17:9-50
28        android:usesCleartextTraffic="true" >
28-->src\main\AndroidManifest.xml:18:9-44
29        <activity
29-->src\main\AndroidManifest.xml:19:9-32:20
30            android:name="org.asghari.guardiannews.presentation.activities.MainActivity"
30-->src\main\AndroidManifest.xml:20:13-65
31            android:exported="true"
31-->src\main\AndroidManifest.xml:21:13-36
32            android:theme="@style/Theme.GuardianNews" >
32-->src\main\AndroidManifest.xml:22:13-54
33            <intent-filter android:label="@string/app_name" >
33-->src\main\AndroidManifest.xml:23:13-27:29
33-->src\main\AndroidManifest.xml:23:29-61
34                <action android:name="android.intent.action.MAIN" />
34-->src\main\AndroidManifest.xml:24:17-69
34-->src\main\AndroidManifest.xml:24:25-66
35
36                <category android:name="android.intent.category.LAUNCHER" />
36-->src\main\AndroidManifest.xml:26:17-77
36-->src\main\AndroidManifest.xml:26:27-74
37            </intent-filter>
38
39            <meta-data
39-->src\main\AndroidManifest.xml:29:13-31:36
40                android:name="android.app.lib_name"
40-->src\main\AndroidManifest.xml:30:17-52
41                android:value="" />
41-->src\main\AndroidManifest.xml:31:17-33
42        </activity>
43        <activity
43-->[androidx.compose.ui:ui-test-manifest:1.2.0] AndroidManifest.xml:24:9-26:39
44            android:name="androidx.activity.ComponentActivity"
44-->[androidx.compose.ui:ui-test-manifest:1.2.0] AndroidManifest.xml:25:13-63
45            android:exported="true" />
45-->[androidx.compose.ui:ui-test-manifest:1.2.0] AndroidManifest.xml:26:13-36
46        <activity
46-->[androidx.compose.ui:ui-tooling:1.2.0] AndroidManifest.xml:24:9-26:39
47            android:name="androidx.compose.ui.tooling.PreviewActivity"
47-->[androidx.compose.ui:ui-tooling:1.2.0] AndroidManifest.xml:25:13-71
48            android:exported="true" />
48-->[androidx.compose.ui:ui-tooling:1.2.0] AndroidManifest.xml:26:13-36
49
50        <uses-library
50-->[androidx.window:window:1.0.0] AndroidManifest.xml:25:9-27:40
51            android:name="androidx.window.extensions"
51-->[androidx.window:window:1.0.0] AndroidManifest.xml:26:13-54
52            android:required="false" />
52-->[androidx.window:window:1.0.0] AndroidManifest.xml:27:13-37
53        <uses-library
53-->[androidx.window:window:1.0.0] AndroidManifest.xml:28:9-30:40
54            android:name="androidx.window.sidecar"
54-->[androidx.window:window:1.0.0] AndroidManifest.xml:29:13-51
55            android:required="false" />
55-->[androidx.window:window:1.0.0] AndroidManifest.xml:30:13-37
56
57        <provider
57-->[androidx.emoji2:emoji2:1.2.0-beta01] AndroidManifest.xml:25:9-33:20
58            android:name="androidx.startup.InitializationProvider"
58-->[androidx.emoji2:emoji2:1.2.0-beta01] AndroidManifest.xml:26:13-67
59            android:authorities="org.asghari.guardiannews.androidx-startup"
59-->[androidx.emoji2:emoji2:1.2.0-beta01] AndroidManifest.xml:27:13-68
60            android:exported="false" >
60-->[androidx.emoji2:emoji2:1.2.0-beta01] AndroidManifest.xml:28:13-37
61            <meta-data
61-->[androidx.emoji2:emoji2:1.2.0-beta01] AndroidManifest.xml:30:13-32:52
62                android:name="androidx.emoji2.text.EmojiCompatInitializer"
62-->[androidx.emoji2:emoji2:1.2.0-beta01] AndroidManifest.xml:31:17-75
63                android:value="androidx.startup" />
63-->[androidx.emoji2:emoji2:1.2.0-beta01] AndroidManifest.xml:32:17-49
64            <meta-data
64-->[androidx.lifecycle:lifecycle-process:2.4.1] AndroidManifest.xml:31:13-33:52
65                android:name="androidx.lifecycle.ProcessLifecycleInitializer"
65-->[androidx.lifecycle:lifecycle-process:2.4.1] AndroidManifest.xml:32:17-78
66                android:value="androidx.startup" />
66-->[androidx.lifecycle:lifecycle-process:2.4.1] AndroidManifest.xml:33:17-49
67            <meta-data
67-->[androidx.profileinstaller:profileinstaller:1.2.0] AndroidManifest.xml:30:13-32:52
68                android:name="androidx.profileinstaller.ProfileInstallerInitializer"
68-->[androidx.profileinstaller:profileinstaller:1.2.0] AndroidManifest.xml:31:17-85
69                android:value="androidx.startup" />
69-->[androidx.profileinstaller:profileinstaller:1.2.0] AndroidManifest.xml:32:17-49
70        </provider>
71
72        <service
72-->[androidx.room:room-runtime:2.4.3] AndroidManifest.xml:25:9-28:40
73            android:name="androidx.room.MultiInstanceInvalidationService"
73-->[androidx.room:room-runtime:2.4.3] AndroidManifest.xml:26:13-74
74            android:directBootAware="true"
74-->[androidx.room:room-runtime:2.4.3] AndroidManifest.xml:27:13-43
75            android:exported="false" />
75-->[androidx.room:room-runtime:2.4.3] AndroidManifest.xml:28:13-37
76
77        <receiver
77-->[androidx.profileinstaller:profileinstaller:1.2.0] AndroidManifest.xml:35:9-47:20
78            android:name="androidx.profileinstaller.ProfileInstallReceiver"
78-->[androidx.profileinstaller:profileinstaller:1.2.0] AndroidManifest.xml:36:13-76
79            android:directBootAware="false"
79-->[androidx.profileinstaller:profileinstaller:1.2.0] AndroidManifest.xml:37:13-44
80            android:enabled="true"
80-->[androidx.profileinstaller:profileinstaller:1.2.0] AndroidManifest.xml:38:13-35
81            android:exported="true"
81-->[androidx.profileinstaller:profileinstaller:1.2.0] AndroidManifest.xml:39:13-36
82            android:permission="android.permission.DUMP" >
82-->[androidx.profileinstaller:profileinstaller:1.2.0] AndroidManifest.xml:40:13-57
83            <intent-filter>
83-->[androidx.profileinstaller:profileinstaller:1.2.0] AndroidManifest.xml:41:13-43:29
84                <action android:name="androidx.profileinstaller.action.INSTALL_PROFILE" />
84-->[androidx.profileinstaller:profileinstaller:1.2.0] AndroidManifest.xml:42:17-91
84-->[androidx.profileinstaller:profileinstaller:1.2.0] AndroidManifest.xml:42:25-88
85            </intent-filter>
86            <intent-filter>
86-->[androidx.profileinstaller:profileinstaller:1.2.0] AndroidManifest.xml:44:13-46:29
87                <action android:name="androidx.profileinstaller.action.SKIP_FILE" />
87-->[androidx.profileinstaller:profileinstaller:1.2.0] AndroidManifest.xml:45:17-85
87-->[androidx.profileinstaller:profileinstaller:1.2.0] AndroidManifest.xml:45:25-82
88            </intent-filter>
89        </receiver>
90    </application>
91
92</manifest>